2022-08-31 14:47:30:4730 [32minfo[39m: [32mServer running on http://localhost:3000[39m
2022-08-31 14:48:11:4811 [32minfo[39m: [32mServer running on http://localhost:3000[39m
2022-08-31 14:49:42:4942 [32minfo[39m: [32mServer running on http://localhost:3000[39m
2022-08-31 14:59:37:5937 [32minfo[39m: [32mRunning in: true[39m
2022-08-31 14:59:37:5937 [32minfo[39m: [32mServer Time: Wed Aug 31 2022 14:59:37 GMT-0500 (hora estándar de Colombia)[39m
2022-08-31 14:59:37:5937 [32minfo[39m: [32mv1.0.0 Copyright (C) 2022[39m
[32m[39m
2022-08-31 14:59:37:5937 [32minfo[39m: [32mServer running on http://localhost:3000[39m
2022-08-31 15:00:43:043 [32minfo[39m: [32mdevelopment[39m
2022-08-31 15:00:43:043 [32minfo[39m: [32mServer Time: Wed Aug 31 2022 15:00:43 GMT-0500 (hora estándar de Colombia)[39m
2022-08-31 15:00:43:043 [32minfo[39m: [32mv1.0.0 Copyright (C) Timco 2022[39m
[32m[39m
2022-08-31 15:00:43:043 [32minfo[39m: [32mServer running on http://localhost:3000[39m
2022-08-31 15:01:10:110 [32minfo[39m: [32mdevelopment[39m
2022-08-31 15:01:10:110 [32minfo[39m: [32mServer Time: Wed Aug 31 2022 15:01:10 GMT-0500 (hora estándar de Colombia)[39m
2022-08-31 15:01:10:110 [32minfo[39m: [32mv1.0.0 Copyright (C) Timco 2022[39m
[32m[39m
2022-08-31 15:01:10:110 [32minfo[39m: [32mServer running on http://localhost:3000[39m
2022-08-31 15:02:17:217 [32minfo[39m: [32mRunning in: development[39m
2022-08-31 15:02:17:217 [32minfo[39m: [32mServer Time: Wed Aug 31 2022 15:02:17 GMT-0500 (hora estándar de Colombia)[39m
2022-08-31 15:02:17:217 [32minfo[39m: [32mv1.0.0 Copyright (C) Timco 2022[39m
[32m[39m
2022-08-31 15:02:17:217 [32minfo[39m: [32mServer running on http://localhost:3000[39m
2022-08-31 15:42:59:4259 [32minfo[39m: [32mRunning in: development[39m
2022-08-31 15:42:59:4259 [32minfo[39m: [32mServer Time: Wed Aug 31 2022 15:42:59 GMT-0500 (hora estándar de Colombia)[39m
2022-08-31 15:42:59:4259 [32minfo[39m: [32mv1.0.0 Copyright (C) Timco 2022[39m
[32m[39m
2022-08-31 15:42:59:4259 [32minfo[39m: [32mServer running on http://localhost:3000[39m
2022-08-31 16:14:50:1450 [32minfo[39m: [32mRunning in: development[39m
2022-08-31 16:14:50:1450 [32minfo[39m: [32mServer Time: Wed Aug 31 2022 16:14:50 GMT-0500 (hora estándar de Colombia)[39m
2022-08-31 16:14:50:1450 [32minfo[39m: [32mv1.0.0 Copyright (C) Timco 2022[39m
[32m[39m
2022-08-31 16:14:50:1450 [32minfo[39m: [32mServer running on http://localhost:3000[39m
2022-08-31 16:15:05:155 [35mhttp[39m: [35m::1 GET /api/v1/project/1 400 41 - 28.591 ms[39m
[35m[39m
2022-08-31 16:18:55:1855 [32minfo[39m: [32mRunning in: development[39m
2022-08-31 16:18:55:1855 [32minfo[39m: [32mServer Time: Wed Aug 31 2022 16:18:55 GMT-0500 (hora estándar de Colombia)[39m
2022-08-31 16:18:55:1855 [32minfo[39m: [32mv1.0.0 Copyright (C) Timco 2022[39m
[32m[39m
2022-08-31 16:18:55:1855 [32minfo[39m: [32mServer running on http://localhost:3000[39m
2022-08-31 16:19:02:192 [35mhttp[39m: [35m::1 GET /api/v1/project 404 153 - 8.883 ms[39m
[35m[39m
2022-08-31 16:19:31:1931 [32minfo[39m: [32mRunning in: development[39m
2022-08-31 16:19:31:1931 [32minfo[39m: [32mServer Time: Wed Aug 31 2022 16:19:31 GMT-0500 (hora estándar de Colombia)[39m
2022-08-31 16:19:31:1931 [32minfo[39m: [32mv1.0.0 Copyright (C) Timco 2022[39m
[32m[39m
2022-08-31 16:19:31:1931 [32minfo[39m: [32mServer running on http://localhost:3000[39m
2022-08-31 16:19:36:1936 [31merror[39m: [31mlistProject is not a function[39m
2022-08-31 16:19:36:1936 [35mhttp[39m: [35m::1 GET /api/v1/project/1 400 41 - 13.993 ms[39m
[35m[39m
2022-08-31 16:20:21:2021 [32minfo[39m: [32mRunning in: development[39m
2022-08-31 16:20:21:2021 [32minfo[39m: [32mServer Time: Wed Aug 31 2022 16:20:21 GMT-0500 (hora estándar de Colombia)[39m
2022-08-31 16:20:21:2021 [32minfo[39m: [32mv1.0.0 Copyright (C) Timco 2022[39m
[32m[39m
2022-08-31 16:20:21:2021 [32minfo[39m: [32mServer running on http://localhost:3000[39m
2022-08-31 16:20:26:2026 [31merror[39m: [31mno existe la columna «id»[39m
2022-08-31 16:20:26:2026 [35mhttp[39m: [35m::1 GET /api/v1/project/1 400 39 - 295.187 ms[39m
[35m[39m
2022-08-31 16:20:59:2059 [32minfo[39m: [32mRunning in: development[39m
2022-08-31 16:20:59:2059 [32minfo[39m: [32mServer Time: Wed Aug 31 2022 16:20:59 GMT-0500 (hora estándar de Colombia)[39m
2022-08-31 16:20:59:2059 [32minfo[39m: [32mv1.0.0 Copyright (C) Timco 2022[39m
[32m[39m
2022-08-31 16:20:59:2059 [32minfo[39m: [32mServer running on http://localhost:3000[39m
2022-08-31 16:21:08:218 [32minfo[39m: [32mRunning in: development[39m
2022-08-31 16:21:08:218 [32minfo[39m: [32mServer Time: Wed Aug 31 2022 16:21:08 GMT-0500 (hora estándar de Colombia)[39m
2022-08-31 16:21:08:218 [32minfo[39m: [32mv1.0.0 Copyright (C) Timco 2022[39m
[32m[39m
2022-08-31 16:21:08:218 [32minfo[39m: [32mServer running on http://localhost:3000[39m
2022-08-31 16:21:12:2112 [31merror[39m: [31mno existe la columna «createdAt»[39m
2022-08-31 16:21:12:2112 [35mhttp[39m: [35m::1 GET /api/v1/project/1 400 46 - 360.433 ms[39m
[35m[39m
2022-08-31 16:22:50:2250 [32minfo[39m: [32mRunning in: development[39m
2022-08-31 16:22:50:2250 [32minfo[39m: [32mServer Time: Wed Aug 31 2022 16:22:50 GMT-0500 (hora estándar de Colombia)[39m
2022-08-31 16:22:50:2250 [32minfo[39m: [32mv1.0.0 Copyright (C) Timco 2022[39m
[32m[39m
2022-08-31 16:22:50:2250 [32minfo[39m: [32mServer running on http://localhost:3000[39m
2022-08-31 16:23:46:2346 [32minfo[39m: [32mRunning in: development[39m
2022-08-31 16:23:47:2347 [32minfo[39m: [32mServer Time: Wed Aug 31 2022 16:23:47 GMT-0500 (hora estándar de Colombia)[39m
2022-08-31 16:23:47:2347 [32minfo[39m: [32mv1.0.0 Copyright (C) Timco 2022[39m
[32m[39m
2022-08-31 16:23:47:2347 [32minfo[39m: [32mServer running on http://localhost:3000[39m
2022-08-31 16:23:53:2353 [31merror[39m: [31mno existe la columna «projectId»[39m
2022-08-31 16:23:53:2353 [35mhttp[39m: [35m::1 GET /api/v1/project/1 400 46 - 229.594 ms[39m
[35m[39m
2022-08-31 16:24:10:2410 [32minfo[39m: [32mRunning in: development[39m
2022-08-31 16:24:10:2410 [32minfo[39m: [32mServer Time: Wed Aug 31 2022 16:24:10 GMT-0500 (hora estándar de Colombia)[39m
2022-08-31 16:24:10:2410 [32minfo[39m: [32mv1.0.0 Copyright (C) Timco 2022[39m
[32m[39m
2022-08-31 16:24:10:2410 [32minfo[39m: [32mServer running on http://localhost:3000[39m
2022-08-31 16:28:30:2830 [32minfo[39m: [32mRunning in: development[39m
2022-08-31 16:28:30:2830 [32minfo[39m: [32mServer Time: Wed Aug 31 2022 16:28:30 GMT-0500 (hora estándar de Colombia)[39m
2022-08-31 16:28:30:2830 [32minfo[39m: [32mv1.0.0 Copyright (C) Timco 2022[39m
[32m[39m
2022-08-31 16:28:30:2830 [32minfo[39m: [32mServer running on http://localhost:3000[39m
2022-08-31 16:28:39:2839 [35mhttp[39m: [35m::1 GET /api/v1/project/1 200 135 - 40.150 ms[39m
[35m[39m
2022-08-31 16:30:12:3012 [35mhttp[39m: [35m::1 GET /api/v1/project/1 200 135 - 128.379 ms[39m
[35m[39m
2022-08-31 16:33:30:3330 [32minfo[39m: [32mRunning in: development[39m
2022-08-31 16:33:30:3330 [32minfo[39m: [32mServer Time: Wed Aug 31 2022 16:33:30 GMT-0500 (hora estándar de Colombia)[39m
2022-08-31 16:33:30:3330 [32minfo[39m: [32mv1.0.0 Copyright (C) Timco 2022[39m
[32m[39m
2022-08-31 16:33:30:3330 [32minfo[39m: [32mServer running on http://localhost:3000[39m
2022-08-31 16:33:35:3335 [31merror[39m: [31mState is not defined[39m
2022-08-31 16:33:35:3335 [35mhttp[39m: [35m::1 GET /api/v1/project/1 400 32 - 31.616 ms[39m
[35m[39m
2022-08-31 16:34:26:3426 [32minfo[39m: [32mRunning in: development[39m
2022-08-31 16:34:26:3426 [32minfo[39m: [32mServer Time: Wed Aug 31 2022 16:34:26 GMT-0500 (hora estándar de Colombia)[39m
2022-08-31 16:34:26:3426 [32minfo[39m: [32mv1.0.0 Copyright (C) Timco 2022[39m
[32m[39m
2022-08-31 16:34:26:3426 [32minfo[39m: [32mServer running on http://localhost:3000[39m
2022-08-31 16:34:32:3432 [32minfo[39m: [32mRunning in: development[39m
2022-08-31 16:34:32:3432 [32minfo[39m: [32mServer Time: Wed Aug 31 2022 16:34:32 GMT-0500 (hora estándar de Colombia)[39m
2022-08-31 16:34:32:3432 [32minfo[39m: [32mv1.0.0 Copyright (C) Timco 2022[39m
[32m[39m
2022-08-31 16:34:32:3432 [32minfo[39m: [32mServer running on http://localhost:3000[39m
2022-08-31 16:35:02:352 [35mhttp[39m: [35m::1 GET /api/v1/project/1 200 135 - 174.461 ms[39m
[35m[39m
2022-08-31 16:36:39:3639 [32minfo[39m: [32mRunning in: development[39m
2022-08-31 16:36:39:3639 [32minfo[39m: [32mServer Time: Wed Aug 31 2022 16:36:39 GMT-0500 (hora estándar de Colombia)[39m
2022-08-31 16:36:39:3639 [32minfo[39m: [32mv1.0.0 Copyright (C) Timco 2022[39m
[32m[39m
2022-08-31 16:36:39:3639 [32minfo[39m: [32mServer running on http://localhost:3000[39m
2022-08-31 16:37:00:370 [32minfo[39m: [32mRunning in: development[39m
2022-08-31 16:37:00:370 [32minfo[39m: [32mServer Time: Wed Aug 31 2022 16:37:00 GMT-0500 (hora estándar de Colombia)[39m
2022-08-31 16:37:00:370 [32minfo[39m: [32mv1.0.0 Copyright (C) Timco 2022[39m
[32m[39m
2022-08-31 16:37:00:370 [32minfo[39m: [32mServer running on http://localhost:3000[39m
2022-08-31 16:37:34:3734 [32minfo[39m: [32mRunning in: development[39m
2022-08-31 16:37:34:3734 [32minfo[39m: [32mServer Time: Wed Aug 31 2022 16:37:34 GMT-0500 (hora estándar de Colombia)[39m
2022-08-31 16:37:34:3734 [32minfo[39m: [32mv1.0.0 Copyright (C) Timco 2022[39m
[32m[39m
2022-08-31 16:37:34:3734 [32minfo[39m: [32mServer running on http://localhost:3000[39m
2022-08-31 16:37:39:3739 [32minfo[39m: [32mRunning in: development[39m
2022-08-31 16:37:39:3739 [32minfo[39m: [32mServer Time: Wed Aug 31 2022 16:37:39 GMT-0500 (hora estándar de Colombia)[39m
2022-08-31 16:37:39:3739 [32minfo[39m: [32mv1.0.0 Copyright (C) Timco 2022[39m
[32m[39m
2022-08-31 16:37:39:3739 [32minfo[39m: [32mServer running on http://localhost:3000[39m
2022-08-31 16:37:48:3748 [31merror[39m: [31mno existe la columna state.project_project_id[39m
2022-08-31 16:37:48:3748 [35mhttp[39m: [35m::1 GET /api/v1/project/1 400 57 - 247.643 ms[39m
[35m[39m
2022-08-31 16:40:28:4028 [32minfo[39m: [32mRunning in: development[39m
2022-08-31 16:40:28:4028 [32minfo[39m: [32mServer Time: Wed Aug 31 2022 16:40:28 GMT-0500 (hora estándar de Colombia)[39m
2022-08-31 16:40:28:4028 [32minfo[39m: [32mv1.0.0 Copyright (C) Timco 2022[39m
[32m[39m
2022-08-31 16:40:28:4028 [32minfo[39m: [32mServer running on http://localhost:3000[39m
2022-08-31 16:41:36:4136 [31merror[39m: [31mno existe la columna state.project_project_id[39m
2022-08-31 16:41:36:4136 [35mhttp[39m: [35m::1 GET /api/v1/project/1 400 57 - 490.267 ms[39m
[35m[39m
2022-08-31 16:41:48:4148 [32minfo[39m: [32mRunning in: development[39m
2022-08-31 16:41:48:4148 [32minfo[39m: [32mServer Time: Wed Aug 31 2022 16:41:48 GMT-0500 (hora estándar de Colombia)[39m
2022-08-31 16:41:48:4148 [32minfo[39m: [32mv1.0.0 Copyright (C) Timco 2022[39m
[32m[39m
2022-08-31 16:41:48:4148 [32minfo[39m: [32mServer running on http://localhost:3000[39m
2022-08-31 16:43:57:4357 [32minfo[39m: [32mRunning in: development[39m
2022-08-31 16:43:57:4357 [32minfo[39m: [32mServer Time: Wed Aug 31 2022 16:43:57 GMT-0500 (hora estándar de Colombia)[39m
2022-08-31 16:43:57:4357 [32minfo[39m: [32mv1.0.0 Copyright (C) Timco 2022[39m
[32m[39m
2022-08-31 16:43:57:4357 [32minfo[39m: [32mServer running on http://localhost:3000[39m
2022-08-31 16:45:10:4510 [31merror[39m: [31mno existe la columna projects.state_state_id[39m
2022-08-31 16:45:10:4510 [35mhttp[39m: [35m::1 GET /api/v1/project/1 400 56 - 354.972 ms[39m
[35m[39m
2022-08-31 16:46:57:4657 [32minfo[39m: [32mRunning in: development[39m
2022-08-31 16:46:57:4657 [32minfo[39m: [32mServer Time: Wed Aug 31 2022 16:46:57 GMT-0500 (hora estándar de Colombia)[39m
2022-08-31 16:46:57:4657 [32minfo[39m: [32mv1.0.0 Copyright (C) Timco 2022[39m
[32m[39m
2022-08-31 16:46:57:4657 [32minfo[39m: [32mServer running on http://localhost:3000[39m
2022-08-31 16:47:59:4759 [32minfo[39m: [32mRunning in: development[39m
2022-08-31 16:47:59:4759 [32minfo[39m: [32mServer Time: Wed Aug 31 2022 16:47:59 GMT-0500 (hora estándar de Colombia)[39m
2022-08-31 16:47:59:4759 [32minfo[39m: [32mv1.0.0 Copyright (C) Timco 2022[39m
[32m[39m
2022-08-31 16:47:59:4759 [32minfo[39m: [32mServer running on http://localhost:3000[39m
2022-08-31 16:48:05:485 [35mhttp[39m: [35m::1 GET /api/v1/project/1 200 173 - 44.166 ms[39m
[35m[39m
2022-08-31 16:48:23:4823 [32minfo[39m: [32mRunning in: development[39m
2022-08-31 16:48:23:4823 [32minfo[39m: [32mServer Time: Wed Aug 31 2022 16:48:23 GMT-0500 (hora estándar de Colombia)[39m
2022-08-31 16:48:23:4823 [32minfo[39m: [32mv1.0.0 Copyright (C) Timco 2022[39m
[32m[39m
2022-08-31 16:48:23:4823 [32minfo[39m: [32mServer running on http://localhost:3000[39m
2022-08-31 16:49:04:494 [32minfo[39m: [32mRunning in: development[39m
2022-08-31 16:49:04:494 [32minfo[39m: [32mServer Time: Wed Aug 31 2022 16:49:04 GMT-0500 (hora estándar de Colombia)[39m
2022-08-31 16:49:04:494 [32minfo[39m: [32mv1.0.0 Copyright (C) Timco 2022[39m
[32m[39m
2022-08-31 16:49:04:494 [32minfo[39m: [32mServer running on http://localhost:3000[39m
2022-08-31 16:49:48:4948 [32minfo[39m: [32mRunning in: development[39m
2022-08-31 16:49:48:4948 [32minfo[39m: [32mServer Time: Wed Aug 31 2022 16:49:48 GMT-0500 (hora estándar de Colombia)[39m
2022-08-31 16:49:48:4948 [32minfo[39m: [32mv1.0.0 Copyright (C) Timco 2022[39m
[32m[39m
2022-08-31 16:49:48:4948 [32minfo[39m: [32mServer running on http://localhost:3000[39m
2022-08-31 16:49:52:4952 [35mhttp[39m: [35m::1 GET /api/v1/project/1 200 161 - 42.712 ms[39m
[35m[39m
2022-08-31 16:50:37:5037 [32minfo[39m: [32mRunning in: development[39m
2022-08-31 16:50:37:5037 [32minfo[39m: [32mServer Time: Wed Aug 31 2022 16:50:37 GMT-0500 (hora estándar de Colombia)[39m
2022-08-31 16:50:37:5037 [32minfo[39m: [32mv1.0.0 Copyright (C) Timco 2022[39m
[32m[39m
2022-08-31 16:50:37:5037 [32minfo[39m: [32mServer running on http://localhost:3000[39m
2022-08-31 16:55:34:5534 [32minfo[39m: [32mRunning in: development[39m
2022-08-31 16:55:34:5534 [32minfo[39m: [32mServer Time: Wed Aug 31 2022 16:55:34 GMT-0500 (hora estándar de Colombia)[39m
2022-08-31 16:55:34:5534 [32minfo[39m: [32mv1.0.0 Copyright (C) Timco 2022[39m
[32m[39m
2022-08-31 16:55:34:5534 [32minfo[39m: [32mServer running on http://localhost:3000[39m
2022-08-31 16:55:39:5539 [35mhttp[39m: [35m::1 GET /api/v1/project/1 200 161 - 66.016 ms[39m
[35m[39m
2022-08-31 16:58:01:581 [32minfo[39m: [32mRunning in: development[39m
2022-08-31 16:58:01:581 [32minfo[39m: [32mServer Time: Wed Aug 31 2022 16:58:01 GMT-0500 (hora estándar de Colombia)[39m
2022-08-31 16:58:01:581 [32minfo[39m: [32mv1.0.0 Copyright (C) Timco 2022[39m
[32m[39m
2022-08-31 16:58:01:581 [32minfo[39m: [32mServer running on http://localhost:3000[39m
2022-08-31 16:58:05:585 [31merror[39m: [31mMaximum call stack size exceeded[39m
2022-08-31 16:58:05:585 [35mhttp[39m: [35m::1 GET /api/v1/project/1 400 44 - 99.751 ms[39m
[35m[39m
2022-08-31 16:58:24:5824 [32minfo[39m: [32mRunning in: development[39m
2022-08-31 16:58:24:5824 [32minfo[39m: [32mServer Time: Wed Aug 31 2022 16:58:24 GMT-0500 (hora estándar de Colombia)[39m
2022-08-31 16:58:24:5824 [32minfo[39m: [32mv1.0.0 Copyright (C) Timco 2022[39m
[32m[39m
2022-08-31 16:58:24:5824 [32minfo[39m: [32mServer running on http://localhost:3000[39m
2022-08-31 16:58:33:5833 [32minfo[39m: [32mRunning in: development[39m
2022-08-31 16:58:33:5833 [32minfo[39m: [32mServer Time: Wed Aug 31 2022 16:58:33 GMT-0500 (hora estándar de Colombia)[39m
2022-08-31 16:58:33:5833 [32minfo[39m: [32mv1.0.0 Copyright (C) Timco 2022[39m
[32m[39m
2022-08-31 16:58:33:5833 [32minfo[39m: [32mServer running on http://localhost:3000[39m
2022-08-31 16:58:38:5838 [35mhttp[39m: [35m::1 GET /api/v1/project/1 200 161 - 48.752 ms[39m
[35m[39m
2022-08-31 16:59:06:596 [35mhttp[39m: [35m::1 GET /api/v1/project/1 200 161 - 118.845 ms[39m
[35m[39m
2022-08-31 16:59:10:5910 [35mhttp[39m: [35m::1 GET /api/v1/project/2 200 163 - 8.827 ms[39m
[35m[39m
2022-08-31 16:59:46:5946 [31merror[39m: [31mCannot read properties of undefined (reading 'findProjects')[39m
2022-08-31 16:59:46:5946 [35mhttp[39m: [35m::1 GET /api/v1/project 400 72 - 27.869 ms[39m
[35m[39m
2022-08-31 17:00:22:022 [32minfo[39m: [32mRunning in: development[39m
2022-08-31 17:00:22:022 [32minfo[39m: [32mServer Time: Wed Aug 31 2022 17:00:22 GMT-0500 (hora estándar de Colombia)[39m
2022-08-31 17:00:22:022 [32minfo[39m: [32mv1.0.0 Copyright (C) Timco 2022[39m
[32m[39m
2022-08-31 17:00:22:022 [32minfo[39m: [32mServer running on http://localhost:3000[39m
2022-08-31 17:00:27:027 [35mhttp[39m: [35m::1 GET /api/v1/project 200 294 - 60.651 ms[39m
[35m[39m
2022-08-31 17:02:33:233 [31merror[39m: [31mMaximum call stack size exceeded[39m
2022-08-31 17:02:33:233 [35mhttp[39m: [35m::1 POST /api/v1/project 400 44 - 377.891 ms[39m
[35m[39m
2022-08-31 17:03:24:324 [32minfo[39m: [32mRunning in: development[39m
2022-08-31 17:03:24:324 [32minfo[39m: [32mServer Time: Wed Aug 31 2022 17:03:24 GMT-0500 (hora estándar de Colombia)[39m
2022-08-31 17:03:24:324 [32minfo[39m: [32mv1.0.0 Copyright (C) Timco 2022[39m
[32m[39m
2022-08-31 17:03:24:324 [32minfo[39m: [32mServer running on http://localhost:3000[39m
2022-08-31 17:03:35:335 [32minfo[39m: [32mRunning in: development[39m
2022-08-31 17:03:35:335 [32minfo[39m: [32mServer Time: Wed Aug 31 2022 17:03:35 GMT-0500 (hora estándar de Colombia)[39m
2022-08-31 17:03:35:335 [32minfo[39m: [32mv1.0.0 Copyright (C) Timco 2022[39m
[32m[39m
2022-08-31 17:03:35:335 [32minfo[39m: [32mServer running on http://localhost:3000[39m
2022-08-31 17:03:41:341 [31merror[39m: [31mnotNull Violation: projects.projectId cannot be null,[39m
[31mnotNull Violation: projects.created cannot be null[39m
2022-08-31 17:03:41:341 [35mhttp[39m: [35m::1 POST /api/v1/project 400 117 - 94.382 ms[39m
[35m[39m
2022-08-31 17:04:38:438 [32minfo[39m: [32mRunning in: development[39m
2022-08-31 17:04:38:438 [32minfo[39m: [32mServer Time: Wed Aug 31 2022 17:04:38 GMT-0500 (hora estándar de Colombia)[39m
2022-08-31 17:04:38:438 [32minfo[39m: [32mv1.0.0 Copyright (C) Timco 2022[39m
[32m[39m
2022-08-31 17:04:38:438 [32minfo[39m: [32mServer running on http://localhost:3000[39m
2022-08-31 17:04:43:443 [31merror[39m: [31mnotNull Violation: projects.created cannot be null[39m
2022-08-31 17:04:43:443 [35mhttp[39m: [35m::1 POST /api/v1/project 400 62 - 67.778 ms[39m
[35m[39m
2022-08-31 17:05:03:53 [32minfo[39m: [32mRunning in: development[39m
2022-08-31 17:05:03:53 [32minfo[39m: [32mServer Time: Wed Aug 31 2022 17:05:03 GMT-0500 (hora estándar de Colombia)[39m
2022-08-31 17:05:03:53 [32minfo[39m: [32mv1.0.0 Copyright (C) Timco 2022[39m
[32m[39m
2022-08-31 17:05:03:53 [32minfo[39m: [32mServer running on http://localhost:3000[39m
2022-08-31 17:05:07:57 [31merror[39m: [31mel valor null para la columna «project_id» viola la restricción not null[39m
2022-08-31 17:05:07:57 [35mhttp[39m: [35m::1 POST /api/v1/project 400 87 - 406.315 ms[39m
[35m[39m
2022-08-31 17:08:40:840 [32minfo[39m: [32mRunning in: development[39m
2022-08-31 17:08:40:840 [32minfo[39m: [32mServer Time: Wed Aug 31 2022 17:08:40 GMT-0500 (hora estándar de Colombia)[39m
2022-08-31 17:08:40:840 [32minfo[39m: [32mv1.0.0 Copyright (C) Timco 2022[39m
[32m[39m
2022-08-31 17:08:40:840 [32minfo[39m: [32mServer running on http://localhost:3000[39m
2022-08-31 17:08:50:850 [32minfo[39m: [32mRunning in: development[39m
2022-08-31 17:08:50:850 [32minfo[39m: [32mServer Time: Wed Aug 31 2022 17:08:50 GMT-0500 (hora estándar de Colombia)[39m
2022-08-31 17:08:51:851 [32minfo[39m: [32mv1.0.0 Copyright (C) Timco 2022[39m
[32m[39m
2022-08-31 17:08:51:851 [32minfo[39m: [32mServer running on http://localhost:3000[39m
2022-08-31 17:09:34:934 [32minfo[39m: [32mRunning in: development[39m
2022-08-31 17:09:34:934 [32minfo[39m: [32mServer Time: Wed Aug 31 2022 17:09:34 GMT-0500 (hora estándar de Colombia)[39m
2022-08-31 17:09:34:934 [32minfo[39m: [32mv1.0.0 Copyright (C) Timco 2022[39m
[32m[39m
2022-08-31 17:09:34:934 [32minfo[39m: [32mServer running on http://localhost:3000[39m
2022-08-31 17:12:13:1213 [35mhttp[39m: [35m::1 POST /api/v1/project 201 158 - 292.884 ms[39m
[35m[39m
2022-08-31 17:12:46:1246 [31merror[39m: [31mproject must have a description[39m
2022-08-31 17:12:46:1246 [35mhttp[39m: [35m::1 POST /api/v1/project 400 43 - 9.375 ms[39m
[35m[39m
2022-08-31 17:13:00:130 [35mhttp[39m: [35m::1 GET /api/v1/project 200 436 - 767.424 ms[39m
[35m[39m
2022-08-31 17:14:29:1429 [31merror[39m: [31mMissing where attribute in the options parameter[39m
2022-08-31 17:14:29:1429 [35mhttp[39m: [35m::1 PUT /api/v1/project 400 60 - 292.506 ms[39m
[35m[39m
2022-08-31 17:29:24:2924 [32minfo[39m: [32mRunning in: development[39m
2022-08-31 17:29:25:2925 [32minfo[39m: [32mServer Time: Wed Aug 31 2022 17:29:25 GMT-0500 (hora estándar de Colombia)[39m
2022-08-31 17:29:25:2925 [32minfo[39m: [32mv1.0.0 Copyright (C) Timco 2022[39m
[32m[39m
2022-08-31 17:29:25:2925 [32minfo[39m: [32mServer running on http://localhost:3000[39m
2022-08-31 17:29:34:2934 [32minfo[39m: [32mRunning in: development[39m
2022-08-31 17:29:34:2934 [32minfo[39m: [32mServer Time: Wed Aug 31 2022 17:29:34 GMT-0500 (hora estándar de Colombia)[39m
2022-08-31 17:29:34:2934 [32minfo[39m: [32mv1.0.0 Copyright (C) Timco 2022[39m
[32m[39m
2022-08-31 17:29:34:2934 [32minfo[39m: [32mServer running on http://localhost:3000[39m
2022-08-31 17:29:56:2956 [32minfo[39m: [32mRunning in: development[39m
2022-08-31 17:29:56:2956 [32minfo[39m: [32mServer Time: Wed Aug 31 2022 17:29:56 GMT-0500 (hora estándar de Colombia)[39m
2022-08-31 17:29:56:2956 [32minfo[39m: [32mv1.0.0 Copyright (C) Timco 2022[39m
[32m[39m
2022-08-31 17:29:56:2956 [32minfo[39m: [32mServer running on http://localhost:3000[39m
2022-08-31 17:30:06:306 [32minfo[39m: [32mRunning in: development[39m
2022-08-31 17:30:06:306 [32minfo[39m: [32mServer Time: Wed Aug 31 2022 17:30:06 GMT-0500 (hora estándar de Colombia)[39m
2022-08-31 17:30:06:306 [32minfo[39m: [32mv1.0.0 Copyright (C) Timco 2022[39m
[32m[39m
2022-08-31 17:30:07:307 [32minfo[39m: [32mServer running on http://localhost:3000[39m
2022-08-31 17:30:14:3014 [31merror[39m: [31mExpected plain object, array or sequelize method in the options.where parameter[39m
2022-08-31 17:30:14:3014 [35mhttp[39m: [35m::1 PUT /api/v1/project 400 91 - 256.457 ms[39m
[35m[39m
2022-08-31 17:31:02:312 [32minfo[39m: [32mRunning in: development[39m
2022-08-31 17:31:02:312 [32minfo[39m: [32mServer Time: Wed Aug 31 2022 17:31:02 GMT-0500 (hora estándar de Colombia)[39m
2022-08-31 17:31:02:312 [32minfo[39m: [32mv1.0.0 Copyright (C) Timco 2022[39m
[32m[39m
2022-08-31 17:31:02:312 [32minfo[39m: [32mServer running on http://localhost:3000[39m
2022-08-31 17:33:14:3314 [31merror[39m: [31mExpected plain object, array or sequelize method in the options.where parameter[39m
2022-08-31 17:33:14:3314 [35mhttp[39m: [35m::1 PUT /api/v1/project 400 91 - 477.821 ms[39m
[35m[39m
2022-08-31 17:33:46:3346 [32minfo[39m: [32mRunning in: development[39m
2022-08-31 17:33:46:3346 [32minfo[39m: [32mServer Time: Wed Aug 31 2022 17:33:46 GMT-0500 (hora estándar de Colombia)[39m
2022-08-31 17:33:46:3346 [32minfo[39m: [32mv1.0.0 Copyright (C) Timco 2022[39m
[32m[39m
2022-08-31 17:33:46:3346 [32minfo[39m: [32mServer running on http://localhost:3000[39m
2022-08-31 17:33:54:3354 [35mhttp[39m: [35m::1 PUT /api/v1/project 200 174 - 344.655 ms[39m
[35m[39m
2022-08-31 17:34:41:3441 [32minfo[39m: [32mRunning in: development[39m
2022-08-31 17:34:41:3441 [32minfo[39m: [32mServer Time: Wed Aug 31 2022 17:34:41 GMT-0500 (hora estándar de Colombia)[39m
2022-08-31 17:34:41:3441 [32minfo[39m: [32mv1.0.0 Copyright (C) Timco 2022[39m
[32m[39m
2022-08-31 17:34:41:3441 [32minfo[39m: [32mServer running on http://localhost:3000[39m
2022-08-31 17:34:56:3456 [32minfo[39m: [32mRunning in: development[39m
2022-08-31 17:34:56:3456 [32minfo[39m: [32mServer Time: Wed Aug 31 2022 17:34:56 GMT-0500 (hora estándar de Colombia)[39m
2022-08-31 17:34:56:3456 [32minfo[39m: [32mv1.0.0 Copyright (C) Timco 2022[39m
[32m[39m
2022-08-31 17:34:56:3456 [32minfo[39m: [32mServer running on http://localhost:3000[39m
2022-08-31 17:36:20:3620 [35mhttp[39m: [35m::1 PUT /api/v1/project 200 41 - 260.580 ms[39m
[35m[39m
2022-08-31 17:36:28:3628 [35mhttp[39m: [35m::1 GET /api/v1/project 200 437 - 31.906 ms[39m
[35m[39m
2022-08-31 17:37:48:3748 [32minfo[39m: [32mRunning in: development[39m
2022-08-31 17:37:48:3748 [32minfo[39m: [32mServer Time: Wed Aug 31 2022 17:37:48 GMT-0500 (hora estándar de Colombia)[39m
2022-08-31 17:37:48:3748 [32minfo[39m: [32mv1.0.0 Copyright (C) Timco 2022[39m
[32m[39m
2022-08-31 17:37:48:3748 [32minfo[39m: [32mServer running on http://localhost:3000[39m
2022-08-31 17:39:00:390 [31merror[39m: [31mproject id null[39m
2022-08-31 17:39:00:390 [35mhttp[39m: [35m::1 PUT /api/v1/project 400 27 - 103.938 ms[39m
[35m[39m
2022-08-31 17:41:11:4111 [32minfo[39m: [32mRunning in: development[39m
2022-08-31 17:41:11:4111 [32minfo[39m: [32mServer Time: Wed Aug 31 2022 17:41:11 GMT-0500 (hora estándar de Colombia)[39m
2022-08-31 17:41:11:4111 [32minfo[39m: [32mv1.0.0 Copyright (C) Timco 2022[39m
[32m[39m
2022-08-31 17:41:11:4111 [32minfo[39m: [32mServer running on http://localhost:3000[39m
2022-08-31 17:41:32:4132 [32minfo[39m: [32mRunning in: development[39m
2022-08-31 17:41:32:4132 [32minfo[39m: [32mServer Time: Wed Aug 31 2022 17:41:32 GMT-0500 (hora estándar de Colombia)[39m
2022-08-31 17:41:32:4132 [32minfo[39m: [32mv1.0.0 Copyright (C) Timco 2022[39m
[32m[39m
2022-08-31 17:41:32:4132 [32minfo[39m: [32mServer running on http://localhost:3000[39m
2022-08-31 17:41:47:4147 [35mhttp[39m: [35m::1 PUT /api/v1/project 200 41 - 78.593 ms[39m
[35m[39m
2022-08-31 17:42:23:4223 [32minfo[39m: [32mRunning in: development[39m
2022-08-31 17:42:23:4223 [32minfo[39m: [32mServer Time: Wed Aug 31 2022 17:42:23 GMT-0500 (hora estándar de Colombia)[39m
2022-08-31 17:42:23:4223 [32minfo[39m: [32mv1.0.0 Copyright (C) Timco 2022[39m
[32m[39m
2022-08-31 17:42:23:4223 [32minfo[39m: [32mServer running on http://localhost:3000[39m
2022-08-31 17:43:14:4314 [32minfo[39m: [32mRunning in: development[39m
2022-08-31 17:43:14:4314 [32minfo[39m: [32mServer Time: Wed Aug 31 2022 17:43:14 GMT-0500 (hora estándar de Colombia)[39m
2022-08-31 17:43:15:4315 [32minfo[39m: [32mv1.0.0 Copyright (C) Timco 2022[39m
[32m[39m
2022-08-31 17:43:15:4315 [32minfo[39m: [32mServer running on http://localhost:3000[39m
2022-08-31 17:44:39:4439 [35mhttp[39m: [35m::1 PUT /api/v1/project 200 41 - 121.119 ms[39m
[35m[39m
2022-08-31 17:46:00:460 [32minfo[39m: [32mRunning in: development[39m
2022-08-31 17:46:00:460 [32minfo[39m: [32mServer Time: Wed Aug 31 2022 17:46:00 GMT-0500 (hora estándar de Colombia)[39m
2022-08-31 17:46:00:460 [32minfo[39m: [32mv1.0.0 Copyright (C) Timco 2022[39m
[32m[39m
2022-08-31 17:46:00:460 [32minfo[39m: [32mServer running on http://localhost:3000[39m
2022-08-31 17:46:43:4643 [32minfo[39m: [32mRunning in: development[39m
2022-08-31 17:46:43:4643 [32minfo[39m: [32mServer Time: Wed Aug 31 2022 17:46:43 GMT-0500 (hora estándar de Colombia)[39m
2022-08-31 17:46:43:4643 [32minfo[39m: [32mv1.0.0 Copyright (C) Timco 2022[39m
[32m[39m
2022-08-31 17:46:43:4643 [32minfo[39m: [32mServer running on http://localhost:3000[39m
2022-08-31 17:46:53:4653 [32minfo[39m: [32mRunning in: development[39m
2022-08-31 17:46:53:4653 [32minfo[39m: [32mServer Time: Wed Aug 31 2022 17:46:53 GMT-0500 (hora estándar de Colombia)[39m
2022-08-31 17:46:53:4653 [32minfo[39m: [32mv1.0.0 Copyright (C) Timco 2022[39m
[32m[39m
2022-08-31 17:46:53:4653 [32minfo[39m: [32mServer running on http://localhost:3000[39m
2022-08-31 17:47:19:4719 [31merror[39m: [31mproject id null[39m
2022-08-31 17:47:19:4719 [35mhttp[39m: [35m::1 PUT /api/v1/project 400 27 - 54.990 ms[39m
[35m[39m
2022-08-31 17:47:32:4732 [35mhttp[39m: [35m::1 PUT /api/v1/project 200 41 - 16.499 ms[39m
[35m[39m
2022-08-31 17:49:02:492 [32minfo[39m: [32mRunning in: development[39m
2022-08-31 17:49:02:492 [32minfo[39m: [32mServer Time: Wed Aug 31 2022 17:49:02 GMT-0500 (hora estándar de Colombia)[39m
2022-08-31 17:49:02:492 [32minfo[39m: [32mv1.0.0 Copyright (C) Timco 2022[39m
[32m[39m
2022-08-31 17:49:02:492 [32minfo[39m: [32mServer running on http://localhost:3000[39m
2022-08-31 17:49:37:4937 [32minfo[39m: [32mRunning in: development[39m
2022-08-31 17:49:37:4937 [32minfo[39m: [32mServer Time: Wed Aug 31 2022 17:49:37 GMT-0500 (hora estándar de Colombia)[39m
2022-08-31 17:49:37:4937 [32minfo[39m: [32mv1.0.0 Copyright (C) Timco 2022[39m
[32m[39m
2022-08-31 17:49:37:4937 [32minfo[39m: [32mServer running on http://localhost:3000[39m
2022-08-31 17:49:46:4946 [31merror[39m: [31mCannot access 'project' before initialization[39m
2022-08-31 17:49:46:4946 [35mhttp[39m: [35m::1 PUT /api/v1/project 400 57 - 121.704 ms[39m
[35m[39m
2022-08-31 17:50:10:5010 [32minfo[39m: [32mRunning in: development[39m
2022-08-31 17:50:11:5011 [32minfo[39m: [32mServer Time: Wed Aug 31 2022 17:50:11 GMT-0500 (hora estándar de Colombia)[39m
2022-08-31 17:50:11:5011 [32minfo[39m: [32mv1.0.0 Copyright (C) Timco 2022[39m
[32m[39m
2022-08-31 17:50:11:5011 [32minfo[39m: [32mServer running on http://localhost:3000[39m
2022-08-31 17:50:15:5015 [31merror[39m: [31mproject must have a description[39m
2022-08-31 17:50:15:5015 [35mhttp[39m: [35m::1 PUT /api/v1/project 400 43 - 155.066 ms[39m
[35m[39m
2022-08-31 17:50:27:5027 [31merror[39m: [31mproject must have an associated status id[39m
2022-08-31 17:50:27:5027 [35mhttp[39m: [35m::1 PUT /api/v1/project 400 53 - 6.962 ms[39m
[35m[39m
2022-08-31 17:50:38:5038 [31merror[39m: [31mproject id null[39m
2022-08-31 17:50:38:5038 [35mhttp[39m: [35m::1 PUT /api/v1/project 400 27 - 6.572 ms[39m
[35m[39m
2022-08-31 17:50:51:5051 [35mhttp[39m: [35m::1 PUT /api/v1/project 200 41 - 227.246 ms[39m
[35m[39m
2022-08-31 17:50:59:5059 [35mhttp[39m: [35m::1 GET /api/v1/project 200 431 - 26.785 ms[39m
[35m[39m
2022-08-31 17:52:26:5226 [32minfo[39m: [32mRunning in: development[39m
2022-08-31 17:52:26:5226 [32minfo[39m: [32mServer Time: Wed Aug 31 2022 17:52:26 GMT-0500 (hora estándar de Colombia)[39m
2022-08-31 17:52:26:5226 [32minfo[39m: [32mv1.0.0 Copyright (C) Timco 2022[39m
[32m[39m
2022-08-31 17:52:26:5226 [32minfo[39m: [32mServer running on http://localhost:3000[39m
2022-08-31 17:52:54:5254 [31merror[39m: [31mproject id null[39m
2022-08-31 17:52:55:5255 [35mhttp[39m: [35m::1 PUT /api/v1/project 400 27 - 58.264 ms[39m
[35m[39m
2022-08-31 17:53:00:530 [35mhttp[39m: [35m::1 PUT /api/v1/project 200 41 - 488.391 ms[39m
[35m[39m
2022-08-31 17:53:09:539 [31merror[39m: [31mproject id null[39m
2022-08-31 17:53:09:539 [35mhttp[39m: [35m::1 PUT /api/v1/project 400 27 - 27.787 ms[39m
[35m[39m
2022-08-31 17:53:13:5313 [35mhttp[39m: [35m::1 PUT /api/v1/project 200 41 - 180.479 ms[39m
[35m[39m
